0 info it worked if it ends with ok
1 verbose cli [ '/home/vagrant/nvm/v0.10.36/bin/node',
1 verbose cli   '/home/vagrant/nvm/v0.10.36/bin/npm',
1 verbose cli   'version',
1 verbose cli   'patch' ]
2 info using npm@1.4.28
3 info using node@v0.10.36
4 error Error: Git working directory not clean.
4 error M  lib/index.js
4 error M  test/index.js
4 error     at /home/vagrant/nvm/v0.10.36/lib/node_modules/npm/lib/version.js:91:33
4 error     at ChildProcess.exithandler (child_process.js:656:7)
4 error     at ChildProcess.emit (events.js:98:17)
4 error     at maybeClose (child_process.js:766:16)
4 error     at Process.ChildProcess._handle.onexit (child_process.js:833:5)
5 error If you need help, you may report this *entire* log,
5 error including the npm and node versions, at:
5 error     <http://github.com/npm/npm/issues>
6 error System Linux 3.13.0-53-generic
7 error command "/home/vagrant/nvm/v0.10.36/bin/node" "/home/vagrant/nvm/v0.10.36/bin/npm" "version" "patch"
8 error cwd /home/vagrant/dev/mock-radius
9 error node -v v0.10.36
10 error npm -v 1.4.28
11 verbose exit [ 1, true ]
